android/app/build/intermediates/manifest_merge_blame_file/debug/manifest-merger-blame-debug-report.txt
1<?xml version="1.0" encoding="utf-8"?>
2<manifest xmlns:android="http://schemas.android.com/apk/res/android"
3    package="com.spotify"
4    android:versionCode="1"
5    android:versionName="1.0" >
6
7    <uses-sdk
8        android:minSdkVersion="21"
9        android:targetSdkVersion="29" />
10
11    <uses-permission android:name="android.permission.SYSTEM_ALERT_WINDOW" />
11-->src/debug/AndroidManifest.xml:5:5-77
11-->src/debug/AndroidManifest.xml:5:22-75
12    <uses-permission android:name="android.permission.INTERNET" />
12-->src/main/AndroidManifest.xml:4:5-67
12-->src/main/AndroidManifest.xml:4:22-64
13    <uses-permission android:name="android.permission.ACCESS_WIFI_STATE" />
13-->[com.facebook.flipper:flipper:0.75.1] AndroidManifest.xml:16:5-76
13-->[com.facebook.flipper:flipper:0.75.1] AndroidManifest.xml:16:22-73
14    <uses-permission android:name="android.permission.WAKE_LOCK" />
14-->[:react-native-firebase_auth] AndroidManifest.xml:12:5-68
14-->[:react-native-firebase_auth] AndroidManifest.xml:12:22-65
15    <uses-permission android:name="android.permission.ACCESS_NETWORK_STATE" /> <!-- Required by older versions of Google Play services to create IID tokens -->
15-->[:react-native-firebase_auth] AndroidManifest.xml:13:5-79
15-->[:react-native-firebase_auth] AndroidManifest.xml:13:22-76
16    <uses-permission android:name="com.google.android.c2dm.permission.RECEIVE" />
16-->[com.google.firebase:firebase-messaging:22.0.0] AndroidManifest.xml:25:5-82
16-->[com.google.firebase:firebase-messaging:22.0.0] AndroidManifest.xml:25:22-79
17    <uses-permission android:name="com.google.android.finsky.permission.BIND_GET_INSTALL_REFERRER_SERVICE" />
17-->[com.google.android.gms:play-services-measurement:19.0.0] AndroidManifest.xml:26:5-110
17-->[com.google.android.gms:play-services-measurement:19.0.0] AndroidManifest.xml:26:22-107
18
19    <application
19-->src/main/AndroidManifest.xml:6:5-23:19
20        android:name="com.spotify.MainApplication"
20-->src/main/AndroidManifest.xml:7:7-38
21        android:allowBackup="false"
21-->src/main/AndroidManifest.xml:10:7-34
22        android:appComponentFactory="androidx.core.app.CoreComponentFactory"
22-->[androidx.core:core:1.2.0] AndroidManifest.xml:24:18-86
23        android:debuggable="true"
24        android:icon="@mipmap/ic_launcher"
24-->src/main/AndroidManifest.xml:9:7-41
25        android:label="@string/app_name"
25-->src/main/AndroidManifest.xml:8:7-39
26        android:theme="@style/AppTheme"
26-->src/main/AndroidManifest.xml:11:7-38
27        android:usesCleartextTraffic="true" >
27-->src/debug/AndroidManifest.xml:8:9-44
28        <activity android:name="com.facebook.react.devsupport.DevSettingsActivity" />
28-->src/debug/AndroidManifest.xml:11:9-86
28-->src/debug/AndroidManifest.xml:11:19-83
29        <activity
29-->src/main/AndroidManifest.xml:12:7-22:18
30            android:name="com.spotify.MainActivity"
30-->src/main/AndroidManifest.xml:13:9-37
31            android:configChanges="keyboard|keyboardHidden|orientation|screenSize|uiMode"
31-->src/main/AndroidManifest.xml:15:9-86
32            android:label="@string/app_name"
32-->src/main/AndroidManifest.xml:14:9-41
33            android:launchMode="singleTask"
33-->src/main/AndroidManifest.xml:16:9-40
34            android:windowSoftInputMode="adjustResize" >
34-->src/main/AndroidManifest.xml:17:9-51
35            <intent-filter>
35-->src/main/AndroidManifest.xml:18:9-21:25
36                <action android:name="android.intent.action.MAIN" />
36-->src/main/AndroidManifest.xml:19:13-65
36-->src/main/AndroidManifest.xml:19:21-62
37
38                <category android:name="android.intent.category.LAUNCHER" />
38-->src/main/AndroidManifest.xml:20:13-73
38-->src/main/AndroidManifest.xml:20:23-70
39            </intent-filter>
40        </activity>
41
42        <service android:name="io.invertase.firebase.messaging.ReactNativeFirebaseMessagingHeadlessService" />
42-->[:react-native-firebase_messaging] AndroidManifest.xml:16:9-111
42-->[:react-native-firebase_messaging] AndroidManifest.xml:16:18-108
43        <service
43-->[:react-native-firebase_messaging] AndroidManifest.xml:17:9-23:19
44            android:name="io.invertase.firebase.messaging.ReactNativeFirebaseMessagingService"
44-->[:react-native-firebase_messaging] AndroidManifest.xml:18:13-95
45            android:exported="false" >
45-->[:react-native-firebase_messaging] AndroidManifest.xml:19:13-37
46            <intent-filter>
46-->[:react-native-firebase_messaging] AndroidManifest.xml:20:13-22:29
47                <action android:name="com.google.firebase.MESSAGING_EVENT" />
47-->[:react-native-firebase_messaging] AndroidManifest.xml:21:17-78
47-->[:react-native-firebase_messaging] AndroidManifest.xml:21:25-75
48            </intent-filter>
49        </service>
50
51        <receiver
51-->[:react-native-firebase_messaging] AndroidManifest.xml:25:9-32:20
52            android:name="io.invertase.firebase.messaging.ReactNativeFirebaseMessagingReceiver"
52-->[:react-native-firebase_messaging] AndroidManifest.xml:26:13-96
53            android:exported="true"
53-->[:react-native-firebase_messaging] AndroidManifest.xml:27:13-36
54            android:permission="com.google.android.c2dm.permission.SEND" >
54-->[:react-native-firebase_messaging] AndroidManifest.xml:28:13-73
55            <intent-filter>
55-->[:react-native-firebase_messaging] AndroidManifest.xml:29:13-31:29
56                <action android:name="com.google.android.c2dm.intent.RECEIVE" />
56-->[:react-native-firebase_messaging] AndroidManifest.xml:30:17-81
56-->[:react-native-firebase_messaging] AndroidManifest.xml:30:25-78
57            </intent-filter>
58        </receiver>
59
60        <meta-data
60-->[:react-native-firebase_messaging] AndroidManifest.xml:34:9-36:36
61            android:name="firebase_messaging_auto_init_enabled"
61-->[:react-native-firebase_messaging] AndroidManifest.xml:35:13-64
62            android:value="true" />
62-->[:react-native-firebase_messaging] AndroidManifest.xml:36:13-33
63        <meta-data
63-->[:react-native-firebase_messaging] AndroidManifest.xml:37:9-39:32
64            android:name="com.google.firebase.messaging.default_notification_channel_id"
64-->[:react-native-firebase_messaging] AndroidManifest.xml:38:13-89
65            android:value="" />
65-->[:react-native-firebase_messaging] AndroidManifest.xml:39:13-29
66        <meta-data
66-->[:react-native-firebase_messaging] AndroidManifest.xml:40:9-42:47
67            android:name="com.google.firebase.messaging.default_notification_color"
67-->[:react-native-firebase_messaging] AndroidManifest.xml:41:13-84
68            android:resource="@color/white" />
68-->[:react-native-firebase_messaging] AndroidManifest.xml:42:13-44
69
70        <activity
70-->[com.google.firebase:firebase-auth:21.0.1] AndroidManifest.xml:27:9-44:20
71            android:name="com.google.firebase.auth.internal.GenericIdpActivity"
71-->[com.google.firebase:firebase-auth:21.0.1] AndroidManifest.xml:28:13-80
72            android:excludeFromRecents="true"
72-->[com.google.firebase:firebase-auth:21.0.1] AndroidManifest.xml:29:13-46
73            android:exported="true"
73-->[com.google.firebase:firebase-auth:21.0.1] AndroidManifest.xml:30:13-36
74            android:launchMode="singleTask"
74-->[com.google.firebase:firebase-auth:21.0.1] AndroidManifest.xml:31:13-44
75            android:theme="@android:style/Theme.Translucent.NoTitleBar" >
75-->[com.google.firebase:firebase-auth:21.0.1] AndroidManifest.xml:32:13-72
76            <intent-filter>
76-->[com.google.firebase:firebase-auth:21.0.1] AndroidManifest.xml:33:13-43:29
77                <action android:name="android.intent.action.VIEW" />
77-->[com.google.firebase:firebase-auth:21.0.1] AndroidManifest.xml:34:17-69
77-->[com.google.firebase:firebase-auth:21.0.1] AndroidManifest.xml:34:25-66
78
79                <category android:name="android.intent.category.DEFAULT" />
79-->[com.google.firebase:firebase-auth:21.0.1] AndroidManifest.xml:36:17-76
79-->[com.google.firebase:firebase-auth:21.0.1] AndroidManifest.xml:36:27-73
80                <category android:name="android.intent.category.BROWSABLE" />
80-->[com.google.firebase:firebase-auth:21.0.1] AndroidManifest.xml:37:17-78
80-->[com.google.firebase:firebase-auth:21.0.1] AndroidManifest.xml:37:27-75
81
82                <data
82-->[com.google.firebase:firebase-auth:21.0.1] AndroidManifest.xml:39:17-42:51
83                    android:host="firebase.auth"
83-->[com.google.firebase:firebase-auth:21.0.1] AndroidManifest.xml:40:21-49
84                    android:path="/"
84-->[com.google.firebase:firebase-auth:21.0.1] AndroidManifest.xml:41:21-37
85                    android:scheme="genericidp" />
85-->[com.google.firebase:firebase-auth:21.0.1] AndroidManifest.xml:42:21-48
86            </intent-filter>
87        </activity>
88        <activity
88-->[com.google.firebase:firebase-auth:21.0.1] AndroidManifest.xml:45:9-62:20
89            android:name="com.google.firebase.auth.internal.RecaptchaActivity"
89-->[com.google.firebase:firebase-auth:21.0.1] AndroidManifest.xml:46:13-79
90            android:excludeFromRecents="true"
90-->[com.google.firebase:firebase-auth:21.0.1] AndroidManifest.xml:47:13-46
91            android:exported="true"
91-->[com.google.firebase:firebase-auth:21.0.1] AndroidManifest.xml:48:13-36
92            android:launchMode="singleTask"
92-->[com.google.firebase:firebase-auth:21.0.1] AndroidManifest.xml:49:13-44
93            android:theme="@android:style/Theme.Translucent.NoTitleBar" >
93-->[com.google.firebase:firebase-auth:21.0.1] AndroidManifest.xml:50:13-72
94            <intent-filter>
94-->[com.google.firebase:firebase-auth:21.0.1] AndroidManifest.xml:51:13-61:29
95                <action android:name="android.intent.action.VIEW" />
95-->[com.google.firebase:firebase-auth:21.0.1] AndroidManifest.xml:34:17-69
95-->[com.google.firebase:firebase-auth:21.0.1] AndroidManifest.xml:34:25-66
96
97                <category android:name="android.intent.category.DEFAULT" />
97-->[com.google.firebase:firebase-auth:21.0.1] AndroidManifest.xml:36:17-76
97-->[com.google.firebase:firebase-auth:21.0.1] AndroidManifest.xml:36:27-73
98                <category android:name="android.intent.category.BROWSABLE" />
98-->[com.google.firebase:firebase-auth:21.0.1] AndroidManifest.xml:37:17-78
98-->[com.google.firebase:firebase-auth:21.0.1] AndroidManifest.xml:37:27-75
99
100                <data
100-->[com.google.firebase:firebase-auth:21.0.1] AndroidManifest.xml:39:17-42:51
101                    android:host="firebase.auth"
101-->[com.google.firebase:firebase-auth:21.0.1] AndroidManifest.xml:40:21-49
102                    android:path="/"
102-->[com.google.firebase:firebase-auth:21.0.1] AndroidManifest.xml:41:21-37
103                    android:scheme="recaptcha" />
103-->[com.google.firebase:firebase-auth:21.0.1] AndroidManifest.xml:42:21-48
104            </intent-filter>
105        </activity>
106
107        <service
107-->[com.google.firebase:firebase-auth:21.0.1] AndroidManifest.xml:64:9-73:19
108            android:name="com.google.firebase.auth.api.fallback.service.FirebaseAuthFallbackService"
108-->[com.google.firebase:firebase-auth:21.0.1] AndroidManifest.xml:65:13-101
109            android:enabled="true"
109-->[com.google.firebase:firebase-auth:21.0.1] AndroidManifest.xml:66:13-35
110            android:exported="false" >
110-->[com.google.firebase:firebase-auth:21.0.1] AndroidManifest.xml:67:13-37
111            <intent-filter>
111-->[com.google.firebase:firebase-auth:21.0.1] AndroidManifest.xml:68:13-72:29
112                <action android:name="com.google.firebase.auth.api.gms.service.START" />
112-->[com.google.firebase:firebase-auth:21.0.1] AndroidManifest.xml:69:17-89
112-->[com.google.firebase:firebase-auth:21.0.1] AndroidManifest.xml:69:25-86
113
114                <category android:name="android.intent.category.DEFAULT" />
114-->[com.google.firebase:firebase-auth:21.0.1] AndroidManifest.xml:36:17-76
114-->[com.google.firebase:firebase-auth:21.0.1] AndroidManifest.xml:36:27-73
115            </intent-filter>
116        </service>
117        <service
117-->[com.google.firebase:firebase-auth:21.0.1] AndroidManifest.xml:74:9-80:19
118            android:name="com.google.firebase.components.ComponentDiscoveryService"
118-->[com.google.firebase:firebase-auth:21.0.1] AndroidManifest.xml:75:13-84
119            android:directBootAware="true"
119-->[com.google.firebase:firebase-common:20.0.0] AndroidManifest.xml:35:13-43
120            android:exported="false" >
120-->[com.google.firebase:firebase-auth:21.0.1] AndroidManifest.xml:76:13-37
121            <meta-data
121-->[com.google.firebase:firebase-auth:21.0.1] AndroidManifest.xml:77:13-79:85
122                android:name="com.google.firebase.components:com.google.firebase.auth.FirebaseAuthRegistrar"
122-->[com.google.firebase:firebase-auth:21.0.1] AndroidManifest.xml:78:17-109
123                android:value="com.google.firebase.components.ComponentRegistrar" />
123-->[com.google.firebase:firebase-auth:21.0.1] AndroidManifest.xml:79:17-82
124            <meta-data
124-->[com.google.firebase:firebase-messaging:22.0.0] AndroidManifest.xml:52:13-54:85
125                android:name="com.google.firebase.components:com.google.firebase.messaging.FirebaseMessagingRegistrar"
125-->[com.google.firebase:firebase-messaging:22.0.0] AndroidManifest.xml:53:17-119
126                android:value="com.google.firebase.components.ComponentRegistrar" />
126-->[com.google.firebase:firebase-messaging:22.0.0] AndroidManifest.xml:54:17-82
127            <meta-data
127-->[com.google.firebase:firebase-datatransport:18.0.0] AndroidManifest.xml:28:13-30:85
128                android:name="com.google.firebase.components:com.google.firebase.datatransport.TransportRegistrar"
128-->[com.google.firebase:firebase-datatransport:18.0.0] AndroidManifest.xml:29:17-115
129                android:value="com.google.firebase.components.ComponentRegistrar" />
129-->[com.google.firebase:firebase-datatransport:18.0.0] AndroidManifest.xml:30:17-82
130            <meta-data
130-->[com.google.android.gms:play-services-measurement-api:19.0.0] AndroidManifest.xml:30:13-32:85
131                android:name="com.google.firebase.components:com.google.firebase.analytics.connector.internal.AnalyticsConnectorRegistrar"
131-->[com.google.android.gms:play-services-measurement-api:19.0.0] AndroidManifest.xml:31:17-139
132                android:value="com.google.firebase.components.ComponentRegistrar" />
132-->[com.google.android.gms:play-services-measurement-api:19.0.0] AndroidManifest.xml:32:17-82
133            <meta-data
133-->[com.google.firebase:firebase-installations:17.0.0] AndroidManifest.xml:18:13-20:85
134                android:name="com.google.firebase.components:com.google.firebase.installations.FirebaseInstallationsRegistrar"
134-->[com.google.firebase:firebase-installations:17.0.0] AndroidManifest.xml:19:17-127
135                android:value="com.google.firebase.components.ComponentRegistrar" />
135-->[com.google.firebase:firebase-installations:17.0.0] AndroidManifest.xml:20:17-82
136        </service>
137
138        <receiver
138-->[com.google.firebase:firebase-messaging:22.0.0] AndroidManifest.xml:28:9-35:20
139            android:name="com.google.firebase.iid.FirebaseInstanceIdReceiver"
139-->[com.google.firebase:firebase-messaging:22.0.0] AndroidManifest.xml:29:13-78
140            android:exported="true"
140-->[com.google.firebase:firebase-messaging:22.0.0] AndroidManifest.xml:30:13-36
141            android:permission="com.google.android.c2dm.permission.SEND" >
141-->[com.google.firebase:firebase-messaging:22.0.0] AndroidManifest.xml:31:13-73
142            <intent-filter>
142-->[:react-native-firebase_messaging] AndroidManifest.xml:29:13-31:29
143                <action android:name="com.google.android.c2dm.intent.RECEIVE" />
143-->[:react-native-firebase_messaging] AndroidManifest.xml:30:17-81
143-->[:react-native-firebase_messaging] AndroidManifest.xml:30:25-78
144            </intent-filter>
145        </receiver>
146        <!--
147             FirebaseMessagingService performs security checks at runtime,
148             but set to not exported to explicitly avoid allowing another app to call it.
149        -->
150        <service
150-->[com.google.firebase:firebase-messaging:22.0.0] AndroidManifest.xml:41:9-48:19
151            android:name="com.google.firebase.messaging.FirebaseMessagingService"
151-->[com.google.firebase:firebase-messaging:22.0.0] AndroidManifest.xml:42:13-82
152            android:directBootAware="true"
152-->[com.google.firebase:firebase-messaging:22.0.0] AndroidManifest.xml:43:13-43
153            android:exported="false" >
153-->[com.google.firebase:firebase-messaging:22.0.0] AndroidManifest.xml:44:13-37
154            <intent-filter android:priority="-500" >
154-->[:react-native-firebase_messaging] AndroidManifest.xml:20:13-22:29
155                <action android:name="com.google.firebase.MESSAGING_EVENT" />
155-->[:react-native-firebase_messaging] AndroidManifest.xml:21:17-78
155-->[:react-native-firebase_messaging] AndroidManifest.xml:21:25-75
156            </intent-filter>
157        </service>
158        <service
158-->[com.google.android.datatransport:transport-backend-cct:3.0.0] AndroidManifest.xml:29:9-35:19
159            android:name="com.google.android.datatransport.runtime.backends.TransportBackendDiscovery"
159-->[com.google.android.datatransport:transport-backend-cct:3.0.0] AndroidManifest.xml:30:13-103
160            android:exported="false" >
160-->[com.google.android.datatransport:transport-backend-cct:3.0.0] AndroidManifest.xml:31:13-37
161            <meta-data
161-->[com.google.android.datatransport:transport-backend-cct:3.0.0] AndroidManifest.xml:32:13-34:39
162                android:name="backend:com.google.android.datatransport.cct.CctBackendFactory"
162-->[com.google.android.datatransport:transport-backend-cct:3.0.0] AndroidManifest.xml:33:17-94
163                android:value="cct" />
163-->[com.google.android.datatransport:transport-backend-cct:3.0.0] AndroidManifest.xml:34:17-36
164        </service>
165
166        <provider
166-->[com.google.firebase:firebase-common:20.0.0] AndroidManifest.xml:26:9-31:39
167            android:name="com.google.firebase.provider.FirebaseInitProvider"
167-->[com.google.firebase:firebase-common:20.0.0] AndroidManifest.xml:27:13-77
168            android:authorities="com.spotify.firebaseinitprovider"
168-->[com.google.firebase:firebase-common:20.0.0] AndroidManifest.xml:28:13-72
169            android:directBootAware="true"
169-->[com.google.firebase:firebase-common:20.0.0] AndroidManifest.xml:29:13-43
170            android:exported="false"
170-->[com.google.firebase:firebase-common:20.0.0] AndroidManifest.xml:30:13-37
171            android:initOrder="100" />
171-->[com.google.firebase:firebase-common:20.0.0] AndroidManifest.xml:31:13-36
172
173        <service
173-->[com.google.android.datatransport:transport-runtime:3.0.0] AndroidManifest.xml:26:9-30:19
174            android:name="com.google.android.datatransport.runtime.scheduling.jobscheduling.JobInfoSchedulerService"
174-->[com.google.android.datatransport:transport-runtime:3.0.0] AndroidManifest.xml:27:13-117
175            android:exported="false"
175-->[com.google.android.datatransport:transport-runtime:3.0.0] AndroidManifest.xml:28:13-37
176            android:permission="android.permission.BIND_JOB_SERVICE" >
176-->[com.google.android.datatransport:transport-runtime:3.0.0] AndroidManifest.xml:29:13-69
177        </service>
178
179        <receiver
179-->[com.google.android.datatransport:transport-runtime:3.0.0] AndroidManifest.xml:32:9-34:40
180            android:name="com.google.android.datatransport.runtime.scheduling.jobscheduling.AlarmManagerSchedulerBroadcastReceiver"
180-->[com.google.android.datatransport:transport-runtime:3.0.0] AndroidManifest.xml:33:13-132
181            android:exported="false" />
181-->[com.google.android.datatransport:transport-runtime:3.0.0] AndroidManifest.xml:34:13-37
182
183        <activity
183-->[com.google.android.gms:play-services-auth:19.2.0] AndroidManifest.xml:23:9-27:75
184            android:name="com.google.android.gms.auth.api.signin.internal.SignInHubActivity"
184-->[com.google.android.gms:play-services-auth:19.2.0] AndroidManifest.xml:24:13-93
185            android:excludeFromRecents="true"
185-->[com.google.android.gms:play-services-auth:19.2.0] AndroidManifest.xml:25:13-46
186            android:exported="false"
186-->[com.google.android.gms:play-services-auth:19.2.0] AndroidManifest.xml:26:13-37
187            android:theme="@android:style/Theme.Translucent.NoTitleBar" />
187-->[com.google.android.gms:play-services-auth:19.2.0] AndroidManifest.xml:27:13-72
188        <!--
189            Service handling Google Sign-In user revocation. For apps that do not integrate with
190            Google Sign-In, this service will never be started.
191        -->
192        <service
192-->[com.google.android.gms:play-services-auth:19.2.0] AndroidManifest.xml:33:9-37:51
193            android:name="com.google.android.gms.auth.api.signin.RevocationBoundService"
193-->[com.google.android.gms:play-services-auth:19.2.0] AndroidManifest.xml:34:13-89
194            android:exported="true"
194-->[com.google.android.gms:play-services-auth:19.2.0] AndroidManifest.xml:35:13-36
195            android:permission="com.google.android.gms.auth.api.signin.permission.REVOCATION_NOTIFICATION"
195-->[com.google.android.gms:play-services-auth:19.2.0] AndroidManifest.xml:36:13-107
196            android:visibleToInstantApps="true" />
196-->[com.google.android.gms:play-services-auth:19.2.0] AndroidManifest.xml:37:13-48
197
198        <activity
198-->[com.google.android.gms:play-services-base:17.5.0] AndroidManifest.xml:23:9-26:75
199            android:name="com.google.android.gms.common.api.GoogleApiActivity"
199-->[com.google.android.gms:play-services-base:17.5.0] AndroidManifest.xml:24:13-79
200            android:exported="false"
200-->[com.google.android.gms:play-services-base:17.5.0] AndroidManifest.xml:25:13-37
201            android:theme="@android:style/Theme.Translucent.NoTitleBar" />
201-->[com.google.android.gms:play-services-base:17.5.0] AndroidManifest.xml:26:13-72
202
203        <receiver
203-->[com.google.android.gms:play-services-measurement:19.0.0] AndroidManifest.xml:29:9-33:20
204            android:name="com.google.android.gms.measurement.AppMeasurementReceiver"
204-->[com.google.android.gms:play-services-measurement:19.0.0] AndroidManifest.xml:30:13-85
205            android:enabled="true"
205-->[com.google.android.gms:play-services-measurement:19.0.0] AndroidManifest.xml:31:13-35
206            android:exported="false" >
206-->[com.google.android.gms:play-services-measurement:19.0.0] AndroidManifest.xml:32:13-37
207        </receiver>
208
209        <service
209-->[com.google.android.gms:play-services-measurement:19.0.0] AndroidManifest.xml:35:9-38:40
210            android:name="com.google.android.gms.measurement.AppMeasurementService"
210-->[com.google.android.gms:play-services-measurement:19.0.0] AndroidManifest.xml:36:13-84
211            android:enabled="true"
211-->[com.google.android.gms:play-services-measurement:19.0.0] AndroidManifest.xml:37:13-35
212            android:exported="false" />
212-->[com.google.android.gms:play-services-measurement:19.0.0] AndroidManifest.xml:38:13-37
213        <service
213-->[com.google.android.gms:play-services-measurement:19.0.0] AndroidManifest.xml:39:9-43:72
214            android:name="com.google.android.gms.measurement.AppMeasurementJobService"
214-->[com.google.android.gms:play-services-measurement:19.0.0] AndroidManifest.xml:40:13-87
215            android:enabled="true"
215-->[com.google.android.gms:play-services-measurement:19.0.0] AndroidManifest.xml:41:13-35
216            android:exported="false"
216-->[com.google.android.gms:play-services-measurement:19.0.0] AndroidManifest.xml:42:13-37
217            android:permission="android.permission.BIND_JOB_SERVICE" />
217-->[com.google.android.gms:play-services-measurement:19.0.0] AndroidManifest.xml:43:13-69
218
219        <meta-data
219-->[com.google.android.gms:play-services-basement:17.5.0] AndroidManifest.xml:23:9-25:69
220            android:name="com.google.android.gms.version"
220-->[com.google.android.gms:play-services-basement:17.5.0] AndroidManifest.xml:24:13-58
221            android:value="@integer/google_play_services_version" />
221-->[com.google.android.gms:play-services-basement:17.5.0] AndroidManifest.xml:25:13-66
222    </application>
223
224</manifest>